<?xml version="1.0" encoding="UTF-8"?>
<testsuite xmlns:xsi="http://www.w3.org/2001/XMLSchema-instance" xsi:noNamespaceSchemaLocation="https://maven.apache.org/surefire/maven-surefire-plugin/xsd/surefire-test-report-3.0.xsd" version="3.0" name="Catalog Resources" time="2.772" tests="1" errors="0" skipped="0" failures="0">
  <properties>
    <property name="sun.desktop" value="windows"/>
    <property name="awt.toolkit" value="sun.awt.windows.WToolkit"/>
    <property name="java.specification.version" value="11"/>
    <property name="sun.cpu.isalist" value="amd64"/>
    <property name="sun.jnu.encoding" value="Cp1252"/>
    <property name="java.class.path" value="C:\Users\AishwaryaJangampeta\Kranthi\eclipse-workspace\APIFramework\target\test-classes;C:\Users\AishwaryaJangampeta\Kranthi\eclipse-workspace\APIFramework\target\classes;C:\Users\AishwaryaJangampeta\.m2\repository\junit\junit\4.11\junit-4.11.jar;C:\Users\AishwaryaJangampeta\.m2\repository\org\hamcrest\hamcrest-core\1.3\hamcrest-core-1.3.jar;C:\Users\AishwaryaJangampeta\.m2\repository\io\cucumber\cucumber-java\7.13.0\cucumber-java-7.13.0.jar;C:\Users\AishwaryaJangampeta\.m2\repository\io\cucumber\cucumber-core\7.13.0\cucumber-core-7.13.0.jar;C:\Users\AishwaryaJangampeta\.m2\repository\io\cucumber\cucumber-gherkin\7.13.0\cucumber-gherkin-7.13.0.jar;C:\Users\AishwaryaJangampeta\.m2\repository\io\cucumber\cucumber-gherkin-messages\7.13.0\cucumber-gherkin-messages-7.13.0.jar;C:\Users\AishwaryaJangampeta\.m2\repository\io\cucumber\gherkin\26.2.0\gherkin-26.2.0.jar;C:\Users\AishwaryaJangampeta\.m2\repository\io\cucumber\messages\22.0.0\messages-22.0.0.jar;C:\Users\AishwaryaJangampeta\.m2\repository\io\cucumber\tag-expressions\5.0.1\tag-expressions-5.0.1.jar;C:\Users\AishwaryaJangampeta\.m2\repository\io\cucumber\cucumber-expressions\16.1.2\cucumber-expressions-16.1.2.jar;C:\Users\AishwaryaJangampeta\.m2\repository\io\cucumber\datatable\7.13.0\datatable-7.13.0.jar;C:\Users\AishwaryaJangampeta\.m2\repository\io\cucumber\cucumber-plugin\7.13.0\cucumber-plugin-7.13.0.jar;C:\Users\AishwaryaJangampeta\.m2\repository\io\cucumber\docstring\7.13.0\docstring-7.13.0.jar;C:\Users\AishwaryaJangampeta\.m2\repository\io\cucumber\html-formatter\20.3.1\html-formatter-20.3.1.jar;C:\Users\AishwaryaJangampeta\.m2\repository\io\cucumber\junit-xml-formatter\0.2.0\junit-xml-formatter-0.2.0.jar;C:\Users\AishwaryaJangampeta\.m2\repository\io\cucumber\ci-environment\9.2.0\ci-environment-9.2.0.jar;C:\Users\AishwaryaJangampeta\.m2\repository\org\apiguardian\apiguardian-api\1.1.2\apiguardian-api-1.1.2.jar;C:\Users\AishwaryaJangampeta\.m2\repository\io\cucumber\cucumber-junit\7.13.0\cucumber-junit-7.13.0.jar;C:\Users\AishwaryaJangampeta\.m2\repository\io\rest-assured\rest-assured\5.3.1\rest-assured-5.3.1.jar;C:\Users\AishwaryaJangampeta\.m2\repository\org\apache\groovy\groovy\4.0.11\groovy-4.0.11.jar;C:\Users\AishwaryaJangampeta\.m2\repository\org\apache\groovy\groovy-xml\4.0.11\groovy-xml-4.0.11.jar;C:\Users\AishwaryaJangampeta\.m2\repository\org\apache\httpcomponents\httpclient\4.5.13\httpclient-4.5.13.jar;C:\Users\AishwaryaJangampeta\.m2\repository\org\apache\httpcomponents\httpcore\4.4.13\httpcore-4.4.13.jar;C:\Users\AishwaryaJangampeta\.m2\repository\commons-logging\commons-logging\1.2\commons-logging-1.2.jar;C:\Users\AishwaryaJangampeta\.m2\repository\commons-codec\commons-codec\1.11\commons-codec-1.11.jar;C:\Users\AishwaryaJangampeta\.m2\repository\org\apache\httpcomponents\httpmime\4.5.13\httpmime-4.5.13.jar;C:\Users\AishwaryaJangampeta\.m2\repository\org\hamcrest\hamcrest\2.2\hamcrest-2.2.jar;C:\Users\AishwaryaJangampeta\.m2\repository\org\ccil\cowan\tagsoup\tagsoup\1.2.1\tagsoup-1.2.1.jar;C:\Users\AishwaryaJangampeta\.m2\repository\io\rest-assured\json-path\5.3.1\json-path-5.3.1.jar;C:\Users\AishwaryaJangampeta\.m2\repository\org\apache\groovy\groovy-json\4.0.11\groovy-json-4.0.11.jar;C:\Users\AishwaryaJangampeta\.m2\repository\io\rest-assured\rest-assured-common\5.3.1\rest-assured-common-5.3.1.jar;C:\Users\AishwaryaJangampeta\.m2\repository\io\rest-assured\xml-path\5.3.1\xml-path-5.3.1.jar;C:\Users\AishwaryaJangampeta\.m2\repository\org\apache\commons\commons-lang3\3.11\commons-lang3-3.11.jar;C:\Users\AishwaryaJangampeta\.m2\repository\com\fasterxml\jackson\core\jackson-databind\2.15.2\jackson-databind-2.15.2.jar;C:\Users\AishwaryaJangampeta\.m2\repository\com\fasterxml\jackson\core\jackson-annotations\2.15.2\jackson-annotations-2.15.2.jar;C:\Users\AishwaryaJangampeta\.m2\repository\com\fasterxml\jackson\core\jackson-core\2.15.2\jackson-core-2.15.2.jar;C:\Users\AishwaryaJangampeta\.m2\repository\org\testng\testng\7.7.1\testng-7.7.1.jar;C:\Users\AishwaryaJangampeta\.m2\repository\org\slf4j\slf4j-api\1.7.36\slf4j-api-1.7.36.jar;C:\Users\AishwaryaJangampeta\.m2\repository\com\beust\jcommander\1.82\jcommander-1.82.jar;C:\Users\AishwaryaJangampeta\.m2\repository\org\webjars\jquery\3.6.1\jquery-3.6.1.jar;"/>
    <property name="java.vm.vendor" value="Oracle Corporation"/>
    <property name="sun.arch.data.model" value="64"/>
    <property name="user.variant" value=""/>
    <property name="java.vendor.url" value="https://openjdk.java.net/"/>
    <property name="user.timezone" value="Asia/Calcutta"/>
    <property name="java.vm.specification.version" value="11"/>
    <property name="os.name" value="Windows 11"/>
    <property name="sun.java.launcher" value="SUN_STANDARD"/>
    <property name="user.country" value="IN"/>
    <property name="sun.boot.library.path" value="C:\Program Files\Java\jdk-11\bin"/>
    <property name="sun.java.command" value="C:\Users\AishwaryaJangampeta\AppData\Local\Temp\surefire17046301215553436428\surefirebooter18230544115524077292.jar C:\Users\AishwaryaJangampeta\AppData\Local\Temp\surefire17046301215553436428 2023-07-13T02-27-36_851-jvmRun1 surefire6971528341641139143tmp surefire_016363394026525991475tmp"/>
    <property name="jdk.debug" value="release"/>
    <property name="surefire.test.class.path" value="C:\Users\AishwaryaJangampeta\Kranthi\eclipse-workspace\APIFramework\target\test-classes;C:\Users\AishwaryaJangampeta\Kranthi\eclipse-workspace\APIFramework\target\classes;C:\Users\AishwaryaJangampeta\.m2\repository\junit\junit\4.11\junit-4.11.jar;C:\Users\AishwaryaJangampeta\.m2\repository\org\hamcrest\hamcrest-core\1.3\hamcrest-core-1.3.jar;C:\Users\AishwaryaJangampeta\.m2\repository\io\cucumber\cucumber-java\7.13.0\cucumber-java-7.13.0.jar;C:\Users\AishwaryaJangampeta\.m2\repository\io\cucumber\cucumber-core\7.13.0\cucumber-core-7.13.0.jar;C:\Users\AishwaryaJangampeta\.m2\repository\io\cucumber\cucumber-gherkin\7.13.0\cucumber-gherkin-7.13.0.jar;C:\Users\AishwaryaJangampeta\.m2\repository\io\cucumber\cucumber-gherkin-messages\7.13.0\cucumber-gherkin-messages-7.13.0.jar;C:\Users\AishwaryaJangampeta\.m2\repository\io\cucumber\gherkin\26.2.0\gherkin-26.2.0.jar;C:\Users\AishwaryaJangampeta\.m2\repository\io\cucumber\messages\22.0.0\messages-22.0.0.jar;C:\Users\AishwaryaJangampeta\.m2\repository\io\cucumber\tag-expressions\5.0.1\tag-expressions-5.0.1.jar;C:\Users\AishwaryaJangampeta\.m2\repository\io\cucumber\cucumber-expressions\16.1.2\cucumber-expressions-16.1.2.jar;C:\Users\AishwaryaJangampeta\.m2\repository\io\cucumber\datatable\7.13.0\datatable-7.13.0.jar;C:\Users\AishwaryaJangampeta\.m2\repository\io\cucumber\cucumber-plugin\7.13.0\cucumber-plugin-7.13.0.jar;C:\Users\AishwaryaJangampeta\.m2\repository\io\cucumber\docstring\7.13.0\docstring-7.13.0.jar;C:\Users\AishwaryaJangampeta\.m2\repository\io\cucumber\html-formatter\20.3.1\html-formatter-20.3.1.jar;C:\Users\AishwaryaJangampeta\.m2\repository\io\cucumber\junit-xml-formatter\0.2.0\junit-xml-formatter-0.2.0.jar;C:\Users\AishwaryaJangampeta\.m2\repository\io\cucumber\ci-environment\9.2.0\ci-environment-9.2.0.jar;C:\Users\AishwaryaJangampeta\.m2\repository\org\apiguardian\apiguardian-api\1.1.2\apiguardian-api-1.1.2.jar;C:\Users\AishwaryaJangampeta\.m2\repository\io\cucumber\cucumber-junit\7.13.0\cucumber-junit-7.13.0.jar;C:\Users\AishwaryaJangampeta\.m2\repository\io\rest-assured\rest-assured\5.3.1\rest-assured-5.3.1.jar;C:\Users\AishwaryaJangampeta\.m2\repository\org\apache\groovy\groovy\4.0.11\groovy-4.0.11.jar;C:\Users\AishwaryaJangampeta\.m2\repository\org\apache\groovy\groovy-xml\4.0.11\groovy-xml-4.0.11.jar;C:\Users\AishwaryaJangampeta\.m2\repository\org\apache\httpcomponents\httpclient\4.5.13\httpclient-4.5.13.jar;C:\Users\AishwaryaJangampeta\.m2\repository\org\apache\httpcomponents\httpcore\4.4.13\httpcore-4.4.13.jar;C:\Users\AishwaryaJangampeta\.m2\repository\commons-logging\commons-logging\1.2\commons-logging-1.2.jar;C:\Users\AishwaryaJangampeta\.m2\repository\commons-codec\commons-codec\1.11\commons-codec-1.11.jar;C:\Users\AishwaryaJangampeta\.m2\repository\org\apache\httpcomponents\httpmime\4.5.13\httpmime-4.5.13.jar;C:\Users\AishwaryaJangampeta\.m2\repository\org\hamcrest\hamcrest\2.2\hamcrest-2.2.jar;C:\Users\AishwaryaJangampeta\.m2\repository\org\ccil\cowan\tagsoup\tagsoup\1.2.1\tagsoup-1.2.1.jar;C:\Users\AishwaryaJangampeta\.m2\repository\io\rest-assured\json-path\5.3.1\json-path-5.3.1.jar;C:\Users\AishwaryaJangampeta\.m2\repository\org\apache\groovy\groovy-json\4.0.11\groovy-json-4.0.11.jar;C:\Users\AishwaryaJangampeta\.m2\repository\io\rest-assured\rest-assured-common\5.3.1\rest-assured-common-5.3.1.jar;C:\Users\AishwaryaJangampeta\.m2\repository\io\rest-assured\xml-path\5.3.1\xml-path-5.3.1.jar;C:\Users\AishwaryaJangampeta\.m2\repository\org\apache\commons\commons-lang3\3.11\commons-lang3-3.11.jar;C:\Users\AishwaryaJangampeta\.m2\repository\com\fasterxml\jackson\core\jackson-databind\2.15.2\jackson-databind-2.15.2.jar;C:\Users\AishwaryaJangampeta\.m2\repository\com\fasterxml\jackson\core\jackson-annotations\2.15.2\jackson-annotations-2.15.2.jar;C:\Users\AishwaryaJangampeta\.m2\repository\com\fasterxml\jackson\core\jackson-core\2.15.2\jackson-core-2.15.2.jar;C:\Users\AishwaryaJangampeta\.m2\repository\org\testng\testng\7.7.1\testng-7.7.1.jar;C:\Users\AishwaryaJangampeta\.m2\repository\org\slf4j\slf4j-api\1.7.36\slf4j-api-1.7.36.jar;C:\Users\AishwaryaJangampeta\.m2\repository\com\beust\jcommander\1.82\jcommander-1.82.jar;C:\Users\AishwaryaJangampeta\.m2\repository\org\webjars\jquery\3.6.1\jquery-3.6.1.jar;"/>
    <property name="sun.cpu.endian" value="little"/>
    <property name="user.home" value="C:\Users\AishwaryaJangampeta"/>
    <property name="user.language" value="en"/>
    <property name="java.specification.vendor" value="Oracle Corporation"/>
    <property name="java.version.date" value="2023-04-18"/>
    <property name="java.home" value="C:\Program Files\Java\jdk-11"/>
    <property name="file.separator" value="\"/>
    <property name="basedir" value="C:\Users\AishwaryaJangampeta\Kranthi\eclipse-workspace\APIFramework"/>
    <property name="java.vm.compressedOopsMode" value="Zero based"/>
    <property name="line.separator" value="&#10;"/>
    <property name="java.specification.name" value="Java Platform API Specification"/>
    <property name="java.vm.specification.vendor" value="Oracle Corporation"/>
    <property name="java.awt.graphicsenv" value="sun.awt.Win32GraphicsEnvironment"/>
    <property name="surefire.real.class.path" value="C:\Users\AishwaryaJangampeta\AppData\Local\Temp\surefire17046301215553436428\surefirebooter18230544115524077292.jar"/>
    <property name="user.script" value=""/>
    <property name="sun.management.compiler" value="HotSpot 64-Bit Tiered Compilers"/>
    <property name="java.runtime.version" value="11.0.19+9-LTS-224"/>
    <property name="user.name" value="AishwaryaJangampeta"/>
    <property name="path.separator" value=";"/>
    <property name="os.version" value="10.0"/>
    <property name="java.runtime.name" value="Java(TM) SE Runtime Environment"/>
    <property name="file.encoding" value="Cp1252"/>
    <property name="java.vm.name" value="Java HotSpot(TM) 64-Bit Server VM"/>
    <property name="java.vendor.version" value="18.9"/>
    <property name="localRepository" value="C:\Users\AishwaryaJangampeta\.m2\repository"/>
    <property name="java.vendor.url.bug" value="https://bugreport.java.com/bugreport/"/>
    <property name="java.io.tmpdir" value="C:\Users\AISHWA~1\AppData\Local\Temp\"/>
    <property name="java.version" value="11.0.19"/>
    <property name="user.dir" value="C:\Users\AishwaryaJangampeta\Kranthi\eclipse-workspace\APIFramework"/>
    <property name="os.arch" value="amd64"/>
    <property name="java.vm.specification.name" value="Java Virtual Machine Specification"/>
    <property name="java.awt.printerjob" value="sun.awt.windows.WPrinterJob"/>
    <property name="sun.os.patch.level" value=""/>
    <property name="java.library.path" value="C:\Program Files\Java\jdk-11\bin;C:\WINDOWS\Sun\Java\bin;C:\WINDOWS\system32;C:\WINDOWS;C:\Program Files\Common Files\Oracle\Java\javapath;C:\WINDOWS\system32;C:\WINDOWS;C:\WINDOWS\System32\Wbem;C:\WINDOWS\System32\WindowsPowerShell\v1.0\;C:\WINDOWS\System32\OpenSSH\;C:\Program Files\Maven\apache-maven-3.9.3\bin;C:\Users\Aishwarya Jangampeta\AppData\Local\Programs\Python\Python311\Scripts\;C:\Users\Aishwarya Jangampeta\AppData\Local\Programs\Python\Python311\;C:\Users\AishwaryaJangampeta\AppData\Local\Microsoft\WindowsApps;;C:\Users\Aishwarya Jangampeta\AppData\Local\Programs\Microsoft VS Code\bin;."/>
    <property name="java.vendor" value="Oracle Corporation"/>
    <property name="java.vm.info" value="mixed mode"/>
    <property name="java.vm.version" value="11.0.19+9-LTS-224"/>
    <property name="sun.io.unicode.encoding" value="UnicodeLittle"/>
    <property name="java.class.version" value="55.0"/>
  </properties>
  <testcase name="Validate Catalog Resources API Response Code" classname="Catalog Resources" time="2.568">
    <system-out><![CDATA[
Scenario: Validate Catalog Resources API Response Code         &amp#27;[90m# src/test/java/features/catalogResources.feature:3&amp#27;[0m
  &amp#27;[32mGiven &amp#27;[0m&amp#27;[32mconstruct a search with parameter below keyValue pairs&amp#27;[0m &amp#27;[90m# stepDefinitions.catalogResourceStepDefinition.construct_a_search_with_parameter_below_key_value_pairs(io.cucumber.datatable.DataTable)&amp#27;[0m
    | Key   | Value        |
    | term  | jack+johnson |
    | limit | 25           |
/search
  &amp#27;[32mWhen &amp#27;[0m&amp#27;[32muser calls &amp#27;[0m&amp#27;[32m&amp#27;[1m"SEARCH"&amp#27;[0m&amp#27;[32m resource with &amp#27;[0m&amp#27;[32m&amp#27;[1m"GET"&amp#27;[0m&amp#27;[32m http request&amp#27;[0m    &amp#27;[90m# stepDefinitions.catalogResourceStepDefinition.user_calls_resource_with_http_request(java.lang.String,java.lang.String)&amp#27;[0m
  &amp#27;[32mThen &amp#27;[0m&amp#27;[32mthe API call is success with status code &amp#27;[0m&amp#27;[32m&amp#27;[1m200&amp#27;[0m            &amp#27;[90m# stepDefinitions.catalogResourceStepDefinition.the_api_call_is_success_with_status_code(java.lang.Integer)&amp#27;[0m
  &amp#27;[32mAnd &amp#27;[0m&amp#27;[32m&amp#27;[0m&amp#27;[32m&amp#27;[1m"resultCount"&amp#27;[0m&amp#27;[32m in the response body is &amp#27;[0m&amp#27;[32m&amp#27;[1m25&amp#27;[0m                 &amp#27;[90m# stepDefinitions.catalogResourceStepDefinition.in_the_response_body_is(java.lang.String,java.lang.Integer)&amp#27;[0m
]]></system-out>
  </testcase>
</testsuite>